Build started 4/8/2014 5:45:56 PM.
     1>Project "C:\Users\CJ\Documents\Visual Studio 2012\Projects\lab9\lab9\lab9.vcxproj" on node 2 (Build target(s)).
     1>ClCompile:
         C:\Program Files (x86)\Microsoft Visual Studio 11.0\VC\bin\CL.exe /c /ZI /nologo /W3 /WX- /Od /Oy- /D _MBCS /Gm /EHsc /RTC1 /MDd /GS /fp:precise /Zc:wchar_t /Zc:forScope /Fo"Debug\\" /Fd"Debug\vc110.pdb" /Gd /TP /analyze- /errorReport:prompt Source.cpp
         Source.cpp
     1>c:\users\cj\documents\visual studio 2012\projects\lab9\lab9\source.cpp(19): warning C4018: '<' : signed/unsigned mismatch
     1>c:\users\cj\documents\visual studio 2012\projects\lab9\lab9\source.cpp(41): warning C4018: '<' : signed/unsigned mismatch
     1>c:\users\cj\documents\visual studio 2012\projects\lab9\lab9\source.cpp(64): warning C4018: '<' : signed/unsigned mismatch
     1>c:\users\cj\documents\visual studio 2012\projects\lab9\lab9\source.cpp(74): warning C4018: '<' : signed/unsigned mismatch
     1>c:\users\cj\documents\visual studio 2012\projects\lab9\lab9\source.cpp(84): warning C4018: '<' : signed/unsigned mismatch
     1>c:\users\cj\documents\visual studio 2012\projects\lab9\lab9\source.cpp(94): warning C4018: '<' : signed/unsigned mismatch
     1>c:\users\cj\documents\visual studio 2012\projects\lab9\lab9\source.cpp(104): warning C4018: '<' : signed/unsigned mismatch
     1>c:\users\cj\documents\visual studio 2012\projects\lab9\lab9\source.cpp(114): warning C4018: '<' : signed/unsigned mismatch
     1>c:\users\cj\documents\visual studio 2012\projects\lab9\lab9\source.cpp(130): warning C4244: 'argument' : conversion from 'time_t' to 'unsigned int', possible loss of data
     1>c:\users\cj\documents\visual studio 2012\projects\lab9\lab9\source.cpp(141): warning C4018: '<' : signed/unsigned mismatch
     1>c:\users\cj\documents\visual studio 2012\projects\lab9\lab9\source.cpp(156): warning C4018: '<' : signed/unsigned mismatch
     1>c:\users\cj\documents\visual studio 2012\projects\lab9\lab9\source.cpp(226): warning C4018: '<' : signed/unsigned mismatch
     1>c:\users\cj\documents\visual studio 2012\projects\lab9\lab9\source.cpp(226): warning C4700: uninitialized local variable 'icount' used
       Link:
         C:\Program Files (x86)\Microsoft Visual Studio 11.0\VC\bin\link.exe /ERRORREPORT:PROMPT /OUT:"C:\Users\CJ\Documents\Visual Studio 2012\Projects\lab9\Debug\lab9.exe" /INCREMENTAL /NOLOGO kernel32.lib user32.lib gdi32.lib winspool.lib comdlg32.lib advapi32.lib shell32.lib ole32.lib oleaut32.lib uuid.lib odbc32.lib odbccp32.lib /MANIFEST /MANIFESTUAC:"level='asInvoker' uiAccess='false'" /manifest:embed /DEBUG /PDB:"C:\Users\CJ\Documents\Visual Studio 2012\Projects\lab9\Debug\lab9.pdb" /TLBID:1 /DYNAMICBASE /NXCOMPAT /IMPLIB:"C:\Users\CJ\Documents\Visual Studio 2012\Projects\lab9\Debug\lab9.lib" /MACHINE:X86 Debug\Player.obj
         Debug\Source.obj
         lab9.vcxproj -> C:\Users\CJ\Documents\Visual Studio 2012\Projects\lab9\Debug\lab9.exe
     1>Done Building Project "C:\Users\CJ\Documents\Visual Studio 2012\Projects\lab9\lab9\lab9.vcxproj" (Build target(s)).

Build succeeded.

Time Elapsed 00:00:02.17
